Arguments: 
  /Users/alexander/.nvm/versions/node/v8.4.0/bin/node /usr/local/Cellar/yarn/1.5.1/libexec/bin/yarn.js global -outdated

PATH: 
  /Users/alexander/.cargo/bin:/Users/alexander/.nvm/versions/node/v8.4.0/bin:/Users/alexander/.rbenv/shims:/usr/local/bin:/usr/bin:/bin:/usr/sbin:/sbin

Yarn version: 
  1.5.1

Node version: 
  8.4.0

Platform: 
  darwin x64

npm manifest: 
  {
    "name": "my-fun-project",
    "author": "Alexander Luna",
    "description": "A place to play around with javascript",
    "private": true,
    "version": "0.2.0",
    "dependencies": {
      "bcrypt-nodejs": "0.0.3",
      "bl": "^1.1.2",
      "body-parser": "^1.15.2",
      "cat-picture": "^5.1.2",
      "chai": "^3.5.0",
      "co-body": "^4.2.0",
      "connect-flash": "^0.1.1",
      "cookie-parser": "^1.4.3",
      "dotenv": "^4.0.0",
      "ejs": "2.3.4",
      "express": "^4.14.0",
      "express-session": "^1.14.2",
      "forecastio": "^1.0.2",
      "lightning-image-poly": "0.0.10",
      "mocha": "^3.1.2",
      "mongoose": "^4.6.6",
      "morgan": "^1.7.0",
      "multer": "^1.2.0",
      "mustache": "^2.2.1",
      "next": "^1.2.3",
      "nodemon": "^1.11.0",
      "openweathermap": "^1.0.0",
      "passport": "^0.3.2",
      "passport-local": "^1.0.0",
      "passport-twitter": "^1.0.4",
      "react": "^15.6.1",
      "react-dom": "^15.6.1",
      "reload": "^1.1.3",
      "request-json": "^0.6.2",
      "socket.io": "^1.7.3",
      "supertest": "^2.0.1",
      "zippity-do-dah": "0.0.2"
    },
    "devDependencies": {
      "eslint": "^4.13.1",
      "eslint-plugin-react": "^7.5.1"
    }
  }

yarn manifest: 
  No manifest

Lockfile: 
  No lockfile

Trace: 
  Error: Invalid subcommand. Try "add, bin, dir, ls, list, remove, upgrade, upgrade-interactive"
      at new MessageError (/usr/local/Cellar/yarn/1.5.1/libexec/lib/cli.js:186:110)
      at Object.<anonymous> (/usr/local/Cellar/yarn/1.5.1/libexec/lib/cli.js:30362:59)
      at Generator.next (<anonymous>)
      at step (/usr/local/Cellar/yarn/1.5.1/libexec/lib/cli.js:98:30)
      at /usr/local/Cellar/yarn/1.5.1/libexec/lib/cli.js:116:14
      at Promise (<anonymous>)
      at F (/usr/local/Cellar/yarn/1.5.1/libexec/lib/cli.js:23451:28)
      at Object.<anonymous> (/usr/local/Cellar/yarn/1.5.1/libexec/lib/cli.js:95:12)
      at Object.run (/usr/local/Cellar/yarn/1.5.1/libexec/lib/cli.js:30366:19)
      at run (/usr/local/Cellar/yarn/1.5.1/libexec/lib/cli.js:89113:20)
